c:\hlocal\fdkjdfb\proyectosogrevc15x86\ig2app\release\vc141.pdb
c:\hlocal\fdkjdfb\proyectosogrevc15x86\ig2app\release\toy.obj
c:\hlocal\fdkjdfb\proyectosogrevc15x86\ig2app\release\ig2app.obj
c:\hlocal\fdkjdfb\proyectosogrevc15x86\ig2app\release\ig2main.obj
c:\hlocal\fdkjdfb\proyectosogrevc15x86\ig2app\release\ig2applicationcontext.obj
c:\users\alvar\documents\apuntes uni\ig2\ig2--p0\proyectosogrevc15x86\ig2app\release\vc141.pdb
c:\users\alvar\documents\apuntes uni\ig2\ig2--p0\proyectosogrevc15x86\ig2app\release\toy.obj
c:\users\alvar\documents\apuntes uni\ig2\ig2--p0\proyectosogrevc15x86\ig2app\release\ig2app.obj
c:\users\alvar\documents\apuntes uni\ig2\ig2--p0\proyectosogrevc15x86\ig2app\release\ig2main.obj
c:\users\alvar\documents\apuntes uni\ig2\ig2--p0\proyectosogrevc15x86\ig2app\release\ig2applicationcontext.obj
c:\hlocal\ig\proyectosogrevc15x86\bin\ig2apprelease.ipdb
c:\hlocal\ig\proyectosogrevc15x86\bin\ig2apprelease.iobj
c:\hlocal\fdkjdfb\proyectosogrevc15x86\bin\ig2apprelease.ipdb
c:\hlocal\fdkjdfb\proyectosogrevc15x86\bin\ig2apprelease.iobj
c:\users\alvar\documents\apuntes uni\ig2\ig2--p0\proyectosogrevc15x86\bin\ig2apprelease.ipdb
c:\users\alvar\documents\apuntes uni\ig2\ig2--p0\proyectosogrevc15x86\bin\ig2apprelease.iobj
c:\hlocal\ig\proyectosogrevc15x86\bin\ig2apprelease.exe
c:\hlocal\ig\proyectosogrevc15x86\bin\ig2apprelease.pdb
c:\hlocal\fdkjdfb\proyectosogrevc15x86\bin\ig2apprelease.exe
c:\hlocal\fdkjdfb\proyectosogrevc15x86\bin\ig2apprelease.pdb
c:\users\alvar\documents\apuntes uni\ig2\ig2--p0\proyectosogrevc15x86\bin\ig2apprelease.exe
c:\users\alvar\documents\apuntes uni\ig2\ig2--p0\proyectosogrevc15x86\bin\ig2apprelease.pdb
c:\users\alvar\documents\apuntes uni\ig2\ig2--p0\proyectosogrevc15x86\ig2app\release\ig2app.tlog\cl.command.1.tlog
c:\users\alvar\documents\apuntes uni\ig2\ig2--p0\proyectosogrevc15x86\ig2app\release\ig2app.tlog\cl.read.1.tlog
c:\users\alvar\documents\apuntes uni\ig2\ig2--p0\proyectosogrevc15x86\ig2app\release\ig2app.tlog\cl.write.1.tlog
c:\users\alvar\documents\apuntes uni\ig2\ig2--p0\proyectosogrevc15x86\ig2app\release\ig2app.tlog\ig2app.write.1u.tlog
c:\users\alvar\documents\apuntes uni\ig2\ig2--p0\proyectosogrevc15x86\ig2app\release\ig2app.tlog\link.command.1.tlog
c:\users\alvar\documents\apuntes uni\ig2\ig2--p0\proyectosogrevc15x86\ig2app\release\ig2app.tlog\link.read.1.tlog
c:\users\alvar\documents\apuntes uni\ig2\ig2--p0\proyectosogrevc15x86\ig2app\release\ig2app.tlog\link.write.1.tlog
